# JRE version: OpenJDK Runtime Environment (11.0.15) (build 11.0.15+0-b2043.56-9505619)
# Java VM: OpenJDK 64-Bit Server VM (11.0.15+0-b2043.56-9505619, mixed mode, tiered, compressed oops, g1 gc, windows-amd64)
Heap:
 garbage-first heap   total 402432K, used 255122K [0x0000000080000000, 0x0000000100000000)
  region size 1024K, 38 young (38912K), 1 survivors (1024K)
 Metaspace       used 166686K, capacity 172916K, committed 188188K, reserved 1212416K
  class space    used 19818K, capacity 22036K, committed 24684K, reserved 1048576K
GC Heap History (20 events):
Event: 26108.004 GC heap before
{Heap before GC invocations=304 (full 3):
 garbage-first heap   total 396288K, used 162958K [0x0000000080000000, 0x0000000100000000)
  region size 1024K, 7 young (7168K), 2 survivors (2048K)
 Metaspace       used 165876K, capacity 171793K, committed 188188K, reserved 1212416K
  class space    used 19704K, capacity 21856K, committed 24684K, reserved 1048576K
}
Event: 26108.010 GC heap after
{Heap after GC invocations=305 (full 3):
 garbage-first heap   total 396288K, used 158020K [0x0000000080000000, 0x0000000100000000)
  region size 1024K, 1 young (1024K), 1 survivors (1024K)
 Metaspace       used 165876K, capacity 171793K, committed 188188K, reserved 1212416K
  class space    used 19704K, capacity 21856K, committed 24684K, reserved 1048576K
}
Event: 26292.772 GC heap before
{Heap before GC invocations=306 (full 3):
 garbage-first heap   total 396288K, used 377156K [0x0000000080000000, 0x0000000100000000)
  region size 1024K, 157 young (160768K), 1 survivors (1024K)
 Metaspace       used 165942K, capacity 171892K, committed 188188K, reserved 1212416K
  class space    used 19715K, capacity 21875K, committed 24684K, reserved 1048576K
}
Event: 26292.778 GC heap after
{Heap after GC invocations=307 (full 3):
 garbage-first heap   total 396288K, used 155430K [0x0000000080000000, 0x0000000100000000)
  region size 1024K, 3 young (3072K), 3 survivors (3072K)
 Metaspace       used 165942K, capacity 171892K, committed 188188K, reserved 1212416K
  class space    used 19715K, capacity 21875K, committed 24684K, reserved 1048576K
}
Event: 26292.852 GC heap before
{Heap before GC invocations=307 (full 3):
 garbage-first heap   total 396288K, used 170790K [0x0000000080000000, 0x0000000100000000)
  region size 1024K, 19 young (19456K), 3 survivors (3072K)
 Metaspace       used 165942K, capacity 171892K, committed 188188K, reserved 1212416K
  class space    used 19715K, capacity 21875K, committed 24684K, reserved 1048576K
}
Event: 26292.859 GC heap after
{Heap after GC invocations=308 (full 3):
 garbage-first heap   total 396288K, used 149346K [0x0000000080000000, 0x0000000100000000)
  region size 1024K, 2 young (2048K), 2 survivors (2048K)
 Metaspace       used 165942K, capacity 171892K, committed 188188K, reserved 1212416K
  class space    used 19715K, capacity 21875K, committed 24684K, reserved 1048576K
}
Event: 26522.179 GC heap before
{Heap before GC invocations=308 (full 3):
 garbage-first heap   total 396288K, used 319330K [0x0000000080000000, 0x0000000100000000)
  region size 1024K, 169 young (173056K), 2 survivors (2048K)
 Metaspace       used 165945K, capacity 171892K, committed 188188K, reserved 1212416K
  class space    used 19715K, capacity 21875K, committed 24684K, reserved 1048576K
}
Event: 26522.232 GC heap after
{Heap after GC invocations=309 (full 3):
 garbage-first heap   total 396288K, used 165695K [0x0000000080000000, 0x0000000100000000)
  region size 1024K, 18 young (18432K), 18 survivors (18432K)
 Metaspace       used 165945K, capacity 171892K, committed 188188K, reserved 1212416K
  class space    used 19715K, capacity 21875K, committed 24684K, reserved 1048576K
}
Event: 26582.680 GC heap before
{Heap before GC invocations=310 (full 3):
 garbage-first heap   total 396288K, used 378687K [0x0000000080000000, 0x0000000100000000)
  region size 1024K, 170 young (174080K), 18 survivors (18432K)
 Metaspace       used 166434K, capacity 172643K, committed 188188K, reserved 1212416K
  class space    used 19798K, capacity 22029K, committed 24684K, reserved 1048576K
}
Event: 26582.716 GC heap after
{Heap after GC invocations=311 (full 3):
 garbage-first heap   total 402432K, used 161972K [0x0000000080000000, 0x0000000100000000)
  region size 1024K, 11 young (11264K), 11 survivors (11264K)
 Metaspace       used 166434K, capacity 172643K, committed 188188K, reserved 1212416K
  class space    used 19798K, capacity 22029K, committed 24684K, reserved 1048576K
}
Event: 26582.747 GC heap before
{Heap before GC invocations=311 (full 3):
 garbage-first heap   total 402432K, used 169140K [0x0000000080000000, 0x0000000100000000)
  region size 1024K, 19 young (19456K), 11 survivors (11264K)
 Metaspace       used 166434K, capacity 172643K, committed 188188K, reserved 1212416K
  class space    used 19798K, capacity 22029K, committed 24684K, reserved 1048576K
}
Event: 26582.764 GC heap after
{Heap after GC invocations=312 (full 3):
 garbage-first heap   total 402432K, used 156191K [0x0000000080000000, 0x0000000100000000)
  region size 1024K, 2 young (2048K), 2 survivors (2048K)
 Metaspace       used 166434K, capacity 172643K, committed 188188K, reserved 1212416K
  class space    used 19798K, capacity 22029K, committed 24684K, reserved 1048576K
}
Event: 26584.713 GC heap before
{Heap before GC invocations=312 (full 3):
 garbage-first heap   total 402432K, used 237087K [0x0000000080000000, 0x0000000100000000)
  region size 1024K, 83 young (84992K), 2 survivors (2048K)
 Metaspace       used 166455K, capacity 172655K, committed 188188K, reserved 1212416K
  class space    used 19799K, capacity 22031K, committed 24684K, reserved 1048576K
}
Event: 26584.723 GC heap after
{Heap after GC invocations=313 (full 3):
 garbage-first heap   total 402432K, used 158686K [0x0000000080000000, 0x0000000100000000)
  region size 1024K, 5 young (5120K), 5 survivors (5120K)
 Metaspace       used 166455K, capacity 172655K, committed 188188K, reserved 1212416K
  class space    used 19799K, capacity 22031K, committed 24684K, reserved 1048576K
}
Event: 26732.860 GC heap before
{Heap before GC invocations=314 (full 3):
 garbage-first heap   total 402432K, used 380894K [0x0000000080000000, 0x0000000100000000)
  region size 1024K, 162 young (165888K), 5 survivors (5120K)
 Metaspace       used 166489K, capacity 172719K, committed 188188K, reserved 1212416K
  class space    used 19799K, capacity 22031K, committed 24684K, reserved 1048576K
}
Event: 26732.917 GC heap after
{Heap after GC invocations=315 (full 3):
 garbage-first heap   total 402432K, used 167455K [0x0000000080000000, 0x0000000100000000)
  region size 1024K, 15 young (15360K), 15 survivors (15360K)
 Metaspace       used 166489K, capacity 172719K, committed 188188K, reserved 1212416K
  class space    used 19799K, capacity 22031K, committed 24684K, reserved 1048576K
}
Event: 26732.942 GC heap before
{Heap before GC invocations=315 (full 3):
 garbage-first heap   total 402432K, used 171551K [0x0000000080000000, 0x0000000100000000)
  region size 1024K, 19 young (19456K), 15 survivors (15360K)
 Metaspace       used 166489K, capacity 172719K, committed 188188K, reserved 1212416K
  class space    used 19799K, capacity 22031K, committed 24684K, reserved 1048576K
}
Event: 26732.975 GC heap after
{Heap after GC invocations=316 (full 3):
 garbage-first heap   total 402432K, used 158180K [0x0000000080000000, 0x0000000100000000)
  region size 1024K, 1 young (1024K), 1 survivors (1024K)
 Metaspace       used 166489K, capacity 172719K, committed 188188K, reserved 1212416K
  class space    used 19799K, capacity 22031K, committed 24684K, reserved 1048576K
}
Event: 26733.020 GC heap before
{Heap before GC invocations=316 (full 3):
 garbage-first heap   total 402432K, used 160228K [0x0000000080000000, 0x0000000100000000)
  region size 1024K, 4 young (4096K), 1 survivors (1024K)
 Metaspace       used 166489K, capacity 172719K, committed 188188K, reserved 1212416K
  class space    used 19799K, capacity 22031K, committed 24684K, reserved 1048576K
}
Event: 26733.027 GC heap after
{Heap after GC invocations=317 (full 3):
 garbage-first heap   total 402432K, used 157842K [0x0000000080000000, 0x0000000100000000)
  region size 1024K, 1 young (1024K), 1 survivors (1024K)
 Metaspace       used 166489K, capacity 172719K, committed 188188K, reserved 1212416K
  class space    used 19799K, capacity 22031K, committed 24684K, reserved 1048576K
}

